AndroidBuildingMusicPlayer_share/app/build/outputs/logs/manifest-merger-debug-report.txt
-- Merging decision tree log ---
manifest
ADDED from src\main\AndroidManifest.xml:2:1-29:12
INJECTED from src\main\AndroidManifest.xml:2:1-29:12
INJECTED from src\main\AndroidManifest.xml:2:1-29:12
INJECTED from src\main\AndroidManifest.xml:2:1-29:12
MERGED from [com.google.firebase:firebase-core:16.0.8] AndroidManifest.xml:2:1-9:12
MERGED from [com.google.firebase:firebase-auth:16.2.0] AndroidManifest.xml:17:1-42:12
MERGED from [com.google.firebase:firebase-storage:16.1.0] AndroidManifest.xml:15:1-37:12
MERGED from [com.google.firebase:firebase-database:16.1.0] AndroidManifest.xml:15:1-36:12
MERGED from [com.android.support:appcompat-v7:28.0.0] AndroidManifest.xml:17:1-22:12
MERGED from [com.android.support.constraint:constraint-layout:1.1.3] AndroidManifest.xml:2:1-11:12
MERGED from [com.google.firebase:firebase-analytics:16.4.0] AndroidManifest.xml:2:1-9:12
MERGED from [com.google.android.gms:play-services-flags:16.0.1] AndroidManifest.xml:17:1-22:12
MERGED from [com.google.firebase:firebase-auth-interop:16.0.1] AndroidManifest.xml:2:1-10:12
MERGED from [com.google.android.gms:play-services-measurement-api:16.4.0] AndroidManifest.xml:17:1-36:12
MERGED from [com.google.firebase:firebase-iid:17.0.3] AndroidManifest.xml:17:1-59:12
MERGED from [com.google.firebase:firebase-iid-interop:16.0.1] AndroidManifest.xml:2:1-10:12
MERGED from [com.google.android.gms:play-services-base:16.0.1] AndroidManifest.xml:17:1-29:12
MERGED from [com.google.firebase:firebase-common:16.1.0] AndroidManifest.xml:2:1-19:12
MERGED from [com.google.android.gms:play-services-tasks:16.0.1] AndroidManifest.xml:2:1-9:12
MERGED from [com.google.android.gms:play-services-measurement:16.4.0] AndroidManifest.xml:17:1-55:12
MERGED from [com.google.android.gms:play-services-measurement-sdk:16.4.0] AndroidManifest.xml:17:1-25:12
MERGED from [com.google.android.gms:play-services-measurement-impl:16.4.0] AndroidManifest.xml:17:1-40:12
MERGED from [com.google.android.gms:play-services-measurement-sdk-api:16.4.0] AndroidManifest.xml:17:1-30:12
MERGED from [com.google.android.gms:play-services-measurement-base:16.4.0] AndroidManifest.xml:2:1-9:12
MERGED from [com.google.android.gms:play-services-stats:16.0.1] AndroidManifest.xml:2:1-9:12
MERGED from [com.google.firebase:firebase-measurement-connector:17.0.1] AndroidManifest.xml:17:1-25:12
MERGED from [com.google.android.gms:play-services-ads-identifier:16.0.0] AndroidManifest.xml:17:1-24:12
MERGED from [com.google.android.gms:play-services-basement:16.2.0] AndroidManifest.xml:17:1-28:12
MERGED from [com.google.firebase:firebase-database-collection:16.0.1] AndroidManifest.xml:2:1-7:12
MERGED from [com.android.support:support-v4:26.1.0] AndroidManifest.xml:17:1-31:12
MERGED from [com.android.support:support-fragment:28.0.0] AndroidManifest.xml:17:1-22:12
MERGED from [com.android.support:animated-vector-drawable:28.0.0] AndroidManifest.xml:17:1-22:12
MERGED from [com.android.support:support-core-ui:28.0.0] AndroidManifest.xml:17:1-22:12
MERGED from [com.android.support:support-core-utils:28.0.0] AndroidManifest.xml:17:1-22:12
MERGED from [com.android.support:support-vector-drawable:28.0.0] AndroidManifest.xml:17:1-22:12
MERGED from [com.android.support:loader:28.0.0] AndroidManifest.xml:17:1-22:12
MERGED from [com.android.support:viewpager:28.0.0] AndroidManifest.xml:17:1-22:12
MERGED from [com.android.support:coordinatorlayout:28.0.0] AndroidManifest.xml:17:1-22:12
MERGED from [com.android.support:drawerlayout:28.0.0] AndroidManifest.xml:17:1-22:12
MERGED from [com.android.support:slidingpanelayout:28.0.0] AndroidManifest.xml:17:1-22:12
MERGED from [com.android.support:customview:28.0.0] AndroidManifest.xml:17:1-22:12
MERGED from [com.android.support:swiperefreshlayout:28.0.0] AndroidManifest.xml:17:1-22:12
MERGED from [com.android.support:asynclayoutinflater:28.0.0] AndroidManifest.xml:17:1-22:12
MERGED from [com.android.support:support-media-compat:26.1.0] AndroidManifest.xml:17:1-31:12
MERGED from [com.android.support:support-compat:28.0.0] AndroidManifest.xml:17:1-24:12
MERGED from [com.android.support:versionedparcelable:28.0.0] AndroidManifest.xml:17:1-25:12
MERGED from [com.android.support:cursoradapter:28.0.0] AndroidManifest.xml:17:1-22:12
MERGED from [android.arch.lifecycle:runtime:1.1.1] AndroidManifest.xml:17:1-22:12
MERGED from [com.android.support:documentfile:28.0.0] AndroidManifest.xml:17:1-22:12
MERGED from [com.android.support:localbroadcastmanager:28.0.0] AndroidManifest.xml:17:1-22:12
MERGED from [com.android.support:print:28.0.0] AndroidManifest.xml:17:1-22:12
MERGED from [android.arch.lifecycle:viewmodel:1.1.1] AndroidManifest.xml:17:1-22:12
MERGED from [android.arch.lifecycle:livedata:1.1.1] AndroidManifest.xml:17:1-22:12
MERGED from [android.arch.lifecycle:livedata-core:1.1.1] AndroidManifest.xml:17:1-22:12
MERGED from [android.arch.core:runtime:1.1.1] AndroidManifest.xml:17:1-22:12
MERGED from [com.android.support:interpolator:28.0.0] AndroidManifest.xml:17:1-22:12
INJECTED from src\main\AndroidManifest.xml:2:1-29:12
INJECTED from src\main\AndroidManifest.xml:2:1-29:12
INJECTED from src\main\AndroidManifest.xml:2:1-29:12
	package
		ADDED from src\main\AndroidManifest.xml:3:5-42
		INJECTED from src\main\AndroidManifest.xml
		INJECTED from src\main\AndroidManifest.xml
	android:versionName
		ADDED from src\main\AndroidManifest.xml:5:5-30
		INJECTED from src\main\AndroidManifest.xml
		INJECTED from src\main\AndroidManifest.xml
	xmlns:android
		ADDED from src\main\AndroidManifest.xml:2:11-69
	android:versionCode
		ADDED from src\main\AndroidManifest.xml:4:5-28
		INJECTED from src\main\AndroidManifest.xml
		INJECTED from src\main\AndroidManifest.xml
uses-permission#android.permission.WRITE_EXTERNAL_STORAGE
ADDED from src\main\AndroidManifest.xml:7:5-81
	android:name
		ADDED from src\main\AndroidManifest.xml:7:22-78
uses-permission#android.permission.READ_EXTERNAL_STORAGE
ADDED from src\main\AndroidManifest.xml:8:5-80
	android:name
		ADDED from src\main\AndroidManifest.xml:8:22-77
uses-permission#android.permission.INTERNET
ADDED from src\main\AndroidManifest.xml:9:5-67
MERGED from [com.google.firebase:firebase-storage:16.1.0] AndroidManifest.xml:27:5-67
MERGED from [com.google.firebase:firebase-storage:16.1.0] AndroidManifest.xml:27:5-67
MERGED from [com.google.firebase:firebase-database:16.1.0] AndroidManifest.xml:26:5-67
MERGED from [com.google.firebase:firebase-database:16.1.0] AndroidManifest.xml:26:5-67
MERGED from [com.google.android.gms:play-services-measurement-api:16.4.0] AndroidManifest.xml:22:5-67
MERGED from [com.google.android.gms:play-services-measurement-api:16.4.0] AndroidManifest.xml:22:5-67
MERGED from [com.google.firebase:firebase-iid:17.0.3] AndroidManifest.xml:23:5-67
MERGED from [com.google.firebase:firebase-iid:17.0.3] AndroidManifest.xml:23:5-67
MERGED from [com.google.android.gms:play-services-measurement:16.4.0] AndroidManifest.xml:23:5-67
MERGED from [com.google.android.gms:play-services-measurement:16.4.0] AndroidManifest.xml:23:5-67
MERGED from [com.google.android.gms:play-services-measurement-impl:16.4.0] AndroidManifest.xml:23:5-67
MERGED from [com.google.android.gms:play-services-measurement-impl:16.4.0] AndroidManifest.xml:23:5-67
MERGED from [com.google.android.gms:play-services-measurement-sdk-api:16.4.0] AndroidManifest.xml:23:5-67
MERGED from [com.google.android.gms:play-services-measurement-sdk-api:16.4.0] AndroidManifest.xml:23:5-67
	android:name
		ADDED from src\main\AndroidManifest.xml:9:22-64
application
ADDED from src\main\AndroidManifest.xml:11:5-27:19
MERGED from [com.google.firebase:firebase-core:16.0.8] AndroidManifest.xml:7:5-20
MERGED from [com.google.firebase:firebase-core:16.0.8] AndroidManifest.xml:7:5-20
MERGED from [com.google.firebase:firebase-auth:16.2.0] AndroidManifest.xml:23:5-40:19
MERGED from [com.google.firebase:firebase-auth:16.2.0] AndroidManifest.xml:23:5-40:19
MERGED from [com.google.firebase:firebase-storage:16.1.0] AndroidManifest.xml:29:5-35:19
MERGED from [com.google.firebase:firebase-storage:16.1.0] AndroidManifest.xml:29:5-35:19
MERGED from [com.google.firebase:firebase-database:16.1.0] AndroidManifest.xml:28:5-34:19
MERGED from [com.google.firebase:firebase-database:16.1.0] AndroidManifest.xml:28:5-34:19
MERGED from [com.android.support.constraint:constraint-layout:1.1.3] AndroidManifest.xml:9:5-20
MERGED from [com.android.support.constraint:constraint-layout:1.1.3] AndroidManifest.xml:9:5-20
MERGED from [com.google.firebase:firebase-analytics:16.4.0] AndroidManifest.xml:7:5-20
MERGED from [com.google.firebase:firebase-analytics:16.4.0] AndroidManifest.xml:7:5-20
MERGED from [com.google.firebase:firebase-auth-interop:16.0.1] AndroidManifest.xml:7:5-8:19
MERGED from [com.google.firebase:firebase-auth-interop:16.0.1] AndroidManifest.xml:7:5-8:19
MERGED from [com.google.android.gms:play-services-measurement-api:16.4.0] AndroidManifest.xml:26:5-34:19
MERGED from [com.google.android.gms:play-services-measurement-api:16.4.0] AndroidManifest.xml:26:5-34:19
MERGED from [com.google.firebase:firebase-iid:17.0.3] AndroidManifest.xml:28:5-57:19
MERGED from [com.google.firebase:firebase-iid:17.0.3] AndroidManifest.xml:28:5-57:19
MERGED from [com.google.firebase:firebase-iid-interop:16.0.1] AndroidManifest.xml:7:5-8:19
MERGED from [com.google.firebase:firebase-iid-interop:16.0.1] AndroidManifest.xml:7:5-8:19
MERGED from [com.google.android.gms:play-services-base:16.0.1] AndroidManifest.xml:22:5-27:19
MERGED from [com.google.android.gms:play-services-base:16.0.1] AndroidManifest.xml:22:5-27:19
MERGED from [com.google.firebase:firebase-common:16.1.0] AndroidManifest.xml:11:5-17:19
MERGED from [com.google.firebase:firebase-common:16.1.0] AndroidManifest.xml:11:5-17:19
MERGED from [com.google.android.gms:play-services-tasks:16.0.1] AndroidManifest.xml:7:5-20
MERGED from [com.google.android.gms:play-services-tasks:16.0.1] AndroidManifest.xml:7:5-20
MERGED from [com.google.android.gms:play-services-measurement:16.4.0] AndroidManifest.xml:28:5-53:19
MERGED from [com.google.android.gms:play-services-measurement:16.4.0] AndroidManifest.xml:28:5-53:19
MERGED from [com.google.android.gms:play-services-measurement-sdk:16.4.0] AndroidManifest.xml:22:5-23:19
MERGED from [com.google.android.gms:play-services-measurement-sdk:16.4.0] AndroidManifest.xml:22:5-23:19
MERGED from [com.google.android.gms:play-services-measurement-impl:16.4.0] AndroidManifest.xml:28:5-38:19
MERGED from [com.google.android.gms:play-services-measurement-impl:16.4.0] AndroidManifest.xml:28:5-38:19
MERGED from [com.google.android.gms:play-services-measurement-sdk-api:16.4.0] AndroidManifest.xml:27:5-28:19
MERGED from [com.google.android.gms:play-services-measurement-sdk-api:16.4.0] AndroidManifest.xml:27:5-28:19
MERGED from [com.google.android.gms:play-services-measurement-base:16.4.0] AndroidManifest.xml:7:5-20
MERGED from [com.google.android.gms:play-services-measurement-base:16.4.0] AndroidManifest.xml:7:5-20
MERGED from [com.google.android.gms:play-services-stats:16.0.1] AndroidManifest.xml:7:5-20
MERGED from [com.google.android.gms:play-services-stats:16.0.1] AndroidManifest.xml:7:5-20
MERGED from [com.google.firebase:firebase-measurement-connector:17.0.1] AndroidManifest.xml:22:5-23:19
MERGED from [com.google.firebase:firebase-measurement-connector:17.0.1] AndroidManifest.xml:22:5-23:19
MERGED from [com.google.android.gms:play-services-ads-identifier:16.0.0] AndroidManifest.xml:22:5-20
MERGED from [com.google.android.gms:play-services-ads-identifier:16.0.0] AndroidManifest.xml:22:5-20
MERGED from [com.google.android.gms:play-services-basement:16.2.0] AndroidManifest.xml:22:5-26:19
MERGED from [com.google.android.gms:play-services-basement:16.2.0] AndroidManifest.xml:22:5-26:19
MERGED from [com.android.support:support-v4:26.1.0] AndroidManifest.xml:25:5-29:19
MERGED from [com.android.support:support-v4:26.1.0] AndroidManifest.xml:25:5-29:19
MERGED from [com.android.support:support-media-compat:26.1.0] AndroidManifest.xml:25:5-29:19
MERGED from [com.android.support:support-media-compat:26.1.0] AndroidManifest.xml:25:5-29:19
MERGED from [com.android.support:support-compat:28.0.0] AndroidManifest.xml:22:5-94
MERGED from [com.android.support:support-compat:28.0.0] AndroidManifest.xml:22:5-94
MERGED from [com.android.support:versionedparcelable:28.0.0] AndroidManifest.xml:22:5-23:19
MERGED from [com.android.support:versionedparcelable:28.0.0] AndroidManifest.xml:22:5-23:19
	android:appComponentFactory
		ADDED from [com.android.support:support-compat:28.0.0] AndroidManifest.xml:22:18-91
	android:label
		ADDED from src\main\AndroidManifest.xml:13:9-41
	android:icon
		ADDED from src\main\AndroidManifest.xml:12:9-45
activity#com.androidhive.musicplayer.AndroidBuildingMusicPlayerActivity
ADDED from src\main\AndroidManifest.xml:14:9-24:20
	android:label
		ADDED from src\main\AndroidManifest.xml:17:13-45
	android:configChanges
		ADDED from src\main\AndroidManifest.xml:16:13-63
	android:name
		ADDED from src\main\AndroidManifest.xml:15:13-63
intent-filter#action:name:android.intent.action.MAIN+category:name:android.intent.category.LAUNCHER
ADDED from src\main\AndroidManifest.xml:19:13-23:29
action#android.intent.action.MAIN
ADDED from src\main\AndroidManifest.xml:20:17-69
	android:name
		ADDED from src\main\AndroidManifest.xml:20:25-66
category#android.intent.category.LAUNCHER
ADDED from src\main\AndroidManifest.xml:22:17-77
	android:name
		ADDED from src\main\AndroidManifest.xml:22:27-74
activity#com.androidhive.musicplayer.PlayListActivity
ADDED from src\main\AndroidManifest.xml:25:9-54
	android:name
		ADDED from src\main\AndroidManifest.xml:25:19-51
activity#com.androidhive.musicplayer.View_Database
ADDED from src\main\AndroidManifest.xml:26:9-60
	android:name
		ADDED from src\main\AndroidManifest.xml:26:19-48
uses-sdk
INJECTED from src\main\AndroidManifest.xml reason: use-sdk injection requested
INJECTED from src\main\AndroidManifest.xml
INJECTED from src\main\AndroidManifest.xml
MERGED from [com.google.firebase:firebase-core:16.0.8] AndroidManifest.xml:5:5-44
MERGED from [com.google.firebase:firebase-core:16.0.8] AndroidManifest.xml:5:5-44
MERGED from [com.google.firebase:firebase-auth:16.2.0] AndroidManifest.xml:21:5-44
MERGED from [com.google.firebase:firebase-auth:16.2.0] AndroidManifest.xml:21:5-44
MERGED from [com.google.firebase:firebase-storage:16.1.0] AndroidManifest.xml:20:5-22:41
MERGED from [com.google.firebase:firebase-storage:16.1.0] AndroidManifest.xml:20:5-22:41
MERGED from [com.google.firebase:firebase-database:16.1.0] AndroidManifest.xml:19:5-21:41
MERGED from [com.google.firebase:firebase-database:16.1.0] AndroidManifest.xml:19:5-21:41
MERGED from [com.android.support:appcompat-v7:28.0.0] AndroidManifest.xml:20:5-44
MERGED from [com.android.support:appcompat-v7:28.0.0] AndroidManifest.xml:20:5-44
MERGED from [com.android.support.constraint:constraint-layout:1.1.3] AndroidManifest.xml:5:5-7:41
MERGED from [com.android.support.constraint:constraint-layout:1.1.3] AndroidManifest.xml:5:5-7:41
MERGED from [com.google.firebase:firebase-analytics:16.4.0] AndroidManifest.xml:5:5-44
MERGED from [com.google.firebase:firebase-analytics:16.4.0] AndroidManifest.xml:5:5-44
MERGED from [com.google.android.gms:play-services-flags:16.0.1] AndroidManifest.xml:20:5-44
MERGED from [com.google.android.gms:play-services-flags:16.0.1] AndroidManifest.xml:20:5-44
MERGED from [com.google.firebase:firebase-auth-interop:16.0.1] AndroidManifest.xml:5:5-44
MERGED from [com.google.firebase:firebase-auth-interop:16.0.1] AndroidManifest.xml:5:5-44
MERGED from [com.google.android.gms:play-services-measurement-api:16.4.0] AndroidManifest.xml:20:5-44
MERGED from [com.google.android.gms:play-services-measurement-api:16.4.0] AndroidManifest.xml:20:5-44
MERGED from [com.google.firebase:firebase-iid:17.0.3] AndroidManifest.xml:20:5-44
MERGED from [com.google.firebase:firebase-iid:17.0.3] AndroidManifest.xml:20:5-44
MERGED from [com.google.firebase:firebase-iid-interop:16.0.1] AndroidManifest.xml:5:5-44
MERGED from [com.google.firebase:firebase-iid-interop:16.0.1] AndroidManifest.xml:5:5-44
MERGED from [com.google.android.gms:play-services-base:16.0.1] AndroidManifest.xml:20:5-44
MERGED from [com.google.android.gms:play-services-base:16.0.1] AndroidManifest.xml:20:5-44
MERGED from [com.google.firebase:firebase-common:16.1.0] AndroidManifest.xml:6:5-8:41
MERGED from [com.google.firebase:firebase-common:16.1.0] AndroidManifest.xml:6:5-8:41
MERGED from [com.google.android.gms:play-services-tasks:16.0.1] AndroidManifest.xml:5:5-44
MERGED from [com.google.android.gms:play-services-tasks:16.0.1] AndroidManifest.xml:5:5-44
MERGED from [com.google.android.gms:play-services-measurement:16.4.0] AndroidManifest.xml:20:5-44
MERGED from [com.google.android.gms:play-services-measurement:16.4.0] AndroidManifest.xml:20:5-44
MERGED from [com.google.android.gms:play-services-measurement-sdk:16.4.0] AndroidManifest.xml:20:5-44
MERGED from [com.google.android.gms:play-services-measurement-sdk:16.4.0] AndroidManifest.xml:20:5-44
MERGED from [com.google.android.gms:play-services-measurement-impl:16.4.0] AndroidManifest.xml:20:5-44
MERGED from [com.google.android.gms:play-services-measurement-impl:16.4.0] AndroidManifest.xml:20:5-44
MERGED from [com.google.android.gms:play-services-measurement-sdk-api:16.4.0] AndroidManifest.xml:20:5-44
MERGED from [com.google.android.gms:play-services-measurement-sdk-api:16.4.0] AndroidManifest.xml:20:5-44
MERGED from [com.google.android.gms:play-services-measurement-base:16.4.0] AndroidManifest.xml:5:5-44
MERGED from [com.google.android.gms:play-services-measurement-base:16.4.0] AndroidManifest.xml:5:5-44
MERGED from [com.google.android.gms:play-services-stats:16.0.1] AndroidManifest.xml:5:5-44
MERGED from [com.google.android.gms:play-services-stats:16.0.1] AndroidManifest.xml:5:5-44
MERGED from [com.google.firebase:firebase-measurement-connector:17.0.1] AndroidManifest.xml:20:5-44
MERGED from [com.google.firebase:firebase-measurement-connector:17.0.1] AndroidManifest.xml:20:5-44
MERGED from [com.google.android.gms:play-services-ads-identifier:16.0.0] AndroidManifest.xml:20:5-44
MERGED from [com.google.android.gms:play-services-ads-identifier:16.0.0] AndroidManifest.xml:20:5-44
MERGED from [com.google.android.gms:play-services-basement:16.2.0] AndroidManifest.xml:20:5-44
MERGED from [com.google.android.gms:play-services-basement:16.2.0] AndroidManifest.xml:20:5-44
MERGED from [com.google.firebase:firebase-database-collection:16.0.1] AndroidManifest.xml:5:5-44
MERGED from [com.google.firebase:firebase-database-collection:16.0.1] AndroidManifest.xml:5:5-44
MERGED from [com.android.support:support-v4:26.1.0] AndroidManifest.xml:21:5-23:54
MERGED from [com.android.support:support-v4:26.1.0] AndroidManifest.xml:21:5-23:54
MERGED from [com.android.support:support-fragment:28.0.0] AndroidManifest.xml:20:5-44
MERGED from [com.android.support:support-fragment:28.0.0] AndroidManifest.xml:20:5-44
MERGED from [com.android.support:animated-vector-drawable:28.0.0] AndroidManifest.xml:20:5-44
MERGED from [com.android.support:animated-vector-drawable:28.0.0] AndroidManifest.xml:20:5-44
MERGED from [com.android.support:support-core-ui:28.0.0] AndroidManifest.xml:20:5-44
MERGED from [com.android.support:support-core-ui:28.0.0] AndroidManifest.xml:20:5-44
MERGED from [com.android.support:support-core-utils:28.0.0] AndroidManifest.xml:20:5-44
MERGED from [com.android.support:support-core-utils:28.0.0] AndroidManifest.xml:20:5-44
MERGED from [com.android.support:support-vector-drawable:28.0.0] AndroidManifest.xml:20:5-44
MERGED from [com.android.support:support-vector-drawable:28.0.0] AndroidManifest.xml:20:5-44
MERGED from [com.android.support:loader:28.0.0] AndroidManifest.xml:20:5-44
MERGED from [com.android.support:loader:28.0.0] AndroidManifest.xml:20:5-44
MERGED from [com.android.support:viewpager:28.0.0] AndroidManifest.xml:20:5-44
MERGED from [com.android.support:viewpager:28.0.0] AndroidManifest.xml:20:5-44
MERGED from [com.android.support:coordinatorlayout:28.0.0] AndroidManifest.xml:20:5-44
MERGED from [com.android.support:coordinatorlayout:28.0.0] AndroidManifest.xml:20:5-44
MERGED from [com.android.support:drawerlayout:28.0.0] AndroidManifest.xml:20:5-44
MERGED from [com.android.support:drawerlayout:28.0.0] AndroidManifest.xml:20:5-44
MERGED from [com.android.support:slidingpanelayout:28.0.0] AndroidManifest.xml:20:5-44
MERGED from [com.android.support:slidingpanelayout:28.0.0] AndroidManifest.xml:20:5-44
MERGED from [com.android.support:customview:28.0.0] AndroidManifest.xml:20:5-44
MERGED from [com.android.support:customview:28.0.0] AndroidManifest.xml:20:5-44
MERGED from [com.android.support:swiperefreshlayout:28.0.0] AndroidManifest.xml:20:5-44
MERGED from [com.android.support:swiperefreshlayout:28.0.0] AndroidManifest.xml:20:5-44
MERGED from [com.android.support:asynclayoutinflater:28.0.0] AndroidManifest.xml:20:5-44
MERGED from [com.android.support:asynclayoutinflater:28.0.0] AndroidManifest.xml:20:5-44
MERGED from [com.android.support:support-media-compat:26.1.0] AndroidManifest.xml:21:5-23:63
MERGED from [com.android.support:support-media-compat:26.1.0] AndroidManifest.xml:21:5-23:63
MERGED from [com.android.support:support-compat:28.0.0] AndroidManifest.xml:20:5-44
MERGED from [com.android.support:support-compat:28.0.0] AndroidManifest.xml:20:5-44
MERGED from [com.android.support:versionedparcelable:28.0.0] AndroidManifest.xml:20:5-44
MERGED from [com.android.support:versionedparcelable:28.0.0] AndroidManifest.xml:20:5-44
MERGED from [com.android.support:cursoradapter:28.0.0] AndroidManifest.xml:20:5-44
MERGED from [com.android.support:cursoradapter:28.0.0] AndroidManifest.xml:20:5-44
MERGED from [android.arch.lifecycle:runtime:1.1.1] AndroidManifest.xml:20:5-44
MERGED from [android.arch.lifecycle:runtime:1.1.1] AndroidManifest.xml:20:5-44
MERGED from [com.android.support:documentfile:28.0.0] AndroidManifest.xml:20:5-44
MERGED from [com.android.support:documentfile:28.0.0] AndroidManifest.xml:20:5-44
MERGED from [com.android.support:localbroadcastmanager:28.0.0] AndroidManifest.xml:20:5-44
MERGED from [com.android.support:localbroadcastmanager:28.0.0] AndroidManifest.xml:20:5-44
MERGED from [com.android.support:print:28.0.0] AndroidManifest.xml:20:5-44
MERGED from [com.android.support:print:28.0.0] AndroidManifest.xml:20:5-44
MERGED from [android.arch.lifecycle:viewmodel:1.1.1] AndroidManifest.xml:20:5-44
MERGED from [android.arch.lifecycle:viewmodel:1.1.1] AndroidManifest.xml:20:5-44
MERGED from [android.arch.lifecycle:livedata:1.1.1] AndroidManifest.xml:20:5-44
MERGED from [android.arch.lifecycle:livedata:1.1.1] AndroidManifest.xml:20:5-44
MERGED from [android.arch.lifecycle:livedata-core:1.1.1] AndroidManifest.xml:20:5-44
MERGED from [android.arch.lifecycle:livedata-core:1.1.1] AndroidManifest.xml:20:5-44
MERGED from [android.arch.core:runtime:1.1.1] AndroidManifest.xml:20:5-44
MERGED from [android.arch.core:runtime:1.1.1] AndroidManifest.xml:20:5-44
MERGED from [com.android.support:interpolator:28.0.0] AndroidManifest.xml:20:5-44
MERGED from [com.android.support:interpolator:28.0.0] AndroidManifest.xml:20:5-44
INJECTED from src\main\AndroidManifest.xml
INJECTED from src\main\AndroidManifest.xml
	tools:overrideLibrary
		ADDED from [com.android.support:support-v4:26.1.0] AndroidManifest.xml:23:9-51
	android:targetSdkVersion
		INJECTED from src\main\AndroidManifest.xml
		ADDED from src\main\AndroidManifest.xml
		INJECTED from src\main\AndroidManifest.xml
	android:minSdkVersion
		INJECTED from src\main\AndroidManifest.xml
		ADDED from src\main\AndroidManifest.xml
		INJECTED from src\main\AndroidManifest.xml
activity#com.google.firebase.auth.internal.FederatedSignInActivity
ADDED from [com.google.firebase:firebase-auth:16.2.0] AndroidManifest.xml:24:9-31:50
	android:excludeFromRecents
		ADDED from [com.google.firebase:firebase-auth:16.2.0] AndroidManifest.xml:26:13-46
	android:launchMode
		ADDED from [com.google.firebase:firebase-auth:16.2.0] AndroidManifest.xml:28:13-44
	android:exported
		ADDED from [com.google.firebase:firebase-auth:16.2.0] AndroidManifest.xml:27:13-36
	android:permission
		ADDED from [com.google.firebase:firebase-auth:16.2.0] AndroidManifest.xml:29:13-102
	android:theme
		ADDED from [com.google.firebase:firebase-auth:16.2.0] AndroidManifest.xml:30:13-72
	tools:replace
		ADDED from [com.google.firebase:firebase-auth:16.2.0] AndroidManifest.xml:31:13-47
	android:name
		ADDED from [com.google.firebase:firebase-auth:16.2.0] AndroidManifest.xml:25:13-85
service#com.google.firebase.components.ComponentDiscoveryService
ADDED from [com.google.firebase:firebase-auth:16.2.0] AndroidManifest.xml:33:9-39:19
MERGED from [com.google.firebase:firebase-storage:16.1.0] AndroidManifest.xml:30:9-34:19
MERGED from [com.google.firebase:firebase-storage:16.1.0] AndroidManifest.xml:30:9-34:19
MERGED from [com.google.firebase:firebase-database:16.1.0] AndroidManifest.xml:29:9-33:19
MERGED from [com.google.firebase:firebase-database:16.1.0] AndroidManifest.xml:29:9-33:19
MERGED from [com.google.android.gms:play-services-measurement-api:16.4.0] AndroidManifest.xml:27:9-33:19
MERGED from [com.google.android.gms:play-services-measurement-api:16.4.0] AndroidManifest.xml:27:9-33:19
MERGED from [com.google.firebase:firebase-iid:17.0.3] AndroidManifest.xml:29:9-35:19
MERGED from [com.google.firebase:firebase-iid:17.0.3] AndroidManifest.xml:29:9-35:19
	android:exported
		ADDED from [com.google.firebase:firebase-auth:16.2.0] AndroidManifest.xml:35:13-37
	android:name
		ADDED from [com.google.firebase:firebase-auth:16.2.0] AndroidManifest.xml:34:13-84
meta-data#com.google.firebase.components:com.google.firebase.auth.FirebaseAuthRegistrar
ADDED from [com.google.firebase:firebase-auth:16.2.0] AndroidManifest.xml:36:13-38:85
	android:value
		ADDED from [com.google.firebase:firebase-auth:16.2.0] AndroidManifest.xml:38:17-82
	android:name
		ADDED from [com.google.firebase:firebase-auth:16.2.0] AndroidManifest.xml:37:17-109
uses-permission#android.permission.ACCESS_NETWORK_STATE
ADDED from [com.google.firebase:firebase-storage:16.1.0] AndroidManifest.xml:26:5-79
MERGED from [com.google.firebase:firebase-database:16.1.0] AndroidManifest.xml:25:5-79
MERGED from [com.google.firebase:firebase-database:16.1.0] AndroidManifest.xml:25:5-79
MERGED from [com.google.android.gms:play-services-measurement-api:16.4.0] AndroidManifest.xml:23:5-79
MERGED from [com.google.android.gms:play-services-measurement-api:16.4.0] AndroidManifest.xml:23:5-79
MERGED from [com.google.firebase:firebase-iid:17.0.3] AndroidManifest.xml:22:5-79
MERGED from [com.google.firebase:firebase-iid:17.0.3] AndroidManifest.xml:22:5-79
MERGED from [com.google.android.gms:play-services-measurement:16.4.0] AndroidManifest.xml:24:5-79
MERGED from [com.google.android.gms:play-services-measurement:16.4.0] AndroidManifest.xml:24:5-79
MERGED from [com.google.android.gms:play-services-measurement-impl:16.4.0] AndroidManifest.xml:24:5-79
MERGED from [com.google.android.gms:play-services-measurement-impl:16.4.0] AndroidManifest.xml:24:5-79
MERGED from [com.google.android.gms:play-services-measurement-sdk-api:16.4.0] AndroidManifest.xml:24:5-79
MERGED from [com.google.android.gms:play-services-measurement-sdk-api:16.4.0] AndroidManifest.xml:24:5-79
	android:name
		ADDED from [com.google.firebase:firebase-storage:16.1.0] AndroidManifest.xml:26:22-76
meta-data#com.google.firebase.components:com.google.firebase.storage.StorageRegistrar
ADDED from [com.google.firebase:firebase-storage:16.1.0] AndroidManifest.xml:31:13-33:85
	android:value
		ADDED from [com.google.firebase:firebase-storage:16.1.0] AndroidManifest.xml:33:17-82
	android:name
		ADDED from [com.google.firebase:firebase-storage:16.1.0] AndroidManifest.xml:32:17-107
meta-data#com.google.firebase.components:com.google.firebase.database.DatabaseRegistrar
ADDED from [com.google.firebase:firebase-database:16.1.0] AndroidManifest.xml:30:13-32:85
	android:value
		ADDED from [com.google.firebase:firebase-database:16.1.0] AndroidManifest.xml:32:17-82
	android:name
		ADDED from [com.google.firebase:firebase-database:16.1.0] AndroidManifest.xml:31:17-109
uses-permission#android.permission.WAKE_LOCK
ADDED from [com.google.android.gms:play-services-measurement-api:16.4.0] AndroidManifest.xml:24:5-68
MERGED from [com.google.firebase:firebase-iid:17.0.3] AndroidManifest.xml:24:5-68
MERGED from [com.google.firebase:firebase-iid:17.0.3] AndroidManifest.xml:24:5-68
MERGED from [com.google.android.gms:play-services-measurement:16.4.0] AndroidManifest.xml:25:5-68
MERGED from [com.google.android.gms:play-services-measurement:16.4.0] AndroidManifest.xml:25:5-68
MERGED from [com.google.android.gms:play-services-measurement-impl:16.4.0] AndroidManifest.xml:25:5-68
MERGED from [com.google.android.gms:play-services-measurement-impl:16.4.0] AndroidManifest.xml:25:5-68
MERGED from [com.google.android.gms:play-services-measurement-sdk-api:16.4.0] AndroidManifest.xml:25:5-68
MERGED from [com.google.android.gms:play-services-measurement-sdk-api:16.4.0] AndroidManifest.xml:25:5-68
	android:name
		ADDED from [com.google.android.gms:play-services-measurement-api:16.4.0] AndroidManifest.xml:24:22-65
meta-data#com.google.firebase.components:com.google.firebase.analytics.connector.internal.AnalyticsConnectorRegistrar
ADDED from [com.google.android.gms:play-services-measurement-api:16.4.0] AndroidManifest.xml:30:13-32:85
	android:value
		ADDED from [com.google.android.gms:play-services-measurement-api:16.4.0] AndroidManifest.xml:32:17-82
	android:name
		ADDED from [com.google.android.gms:play-services-measurement-api:16.4.0] AndroidManifest.xml:31:17-139
uses-permission#com.google.android.c2dm.permission.RECEIVE
ADDED from [com.google.firebase:firebase-iid:17.0.3] AndroidManifest.xml:26:5-82
	android:name
		ADDED from [com.google.firebase:firebase-iid:17.0.3] AndroidManifest.xml:26:22-79